<?xml version="1.0" encoding="UTF-8"?>
<!-- Generated by org.testng.reporters.JUnitXMLReporter -->
<testsuite ignored="0" hostname="DESKTOP-QNHJ5Q7" failures="0" tests="3" name="Test" time="12.082" errors="0" timestamp="2022-10-27T00:09:48 PDT">
  <testcase classname="logExample.NOPComLogin" name="verifyLogin" time="3.169"/>
  <testcase classname="logExample.NOPComLogin" name="verifyAppTitle" time="0.034"/>
  <testcase classname="logExample.NOPComLogin" name="verufyLogout" time="1.076"/>
</testsuite> <!-- Test -->
