<?xml version="1.0" encoding="UTF-8"?>
<!-- Generated by org.testng.reporters.JUnitXMLReporter -->
<testsuite ignored="0" hostname="DESKTOP-QNHJ5Q7" failures="0" tests="3" name="Test" time="11.968" errors="0" timestamp="2022-11-02T00:40:20 PDT">
  <testcase classname="logExample.NOPComLogin" name="verifyLogin" time="3.27"/>
  <testcase classname="logExample.NOPComLogin" name="verifyAppTitle" time="0.072"/>
  <testcase classname="logExample.NOPComLogin" name="verufyLogout" time="1.098"/>
</testsuite> <!-- Test -->
