<?xml version="1.0" encoding="UTF-8"?>
<testng-results ignored="0" total="3" passed="3" failed="0" skipped="0">
  <reporter-output>
  </reporter-output>
  <suite started-at="2022-11-02T00:40:08 PDT" name="Suite" finished-at="2022-11-02T00:40:20 PDT" duration-ms="11968">
    <groups>
    </groups>
    <test started-at="2022-11-02T00:40:08 PDT" name="Test" finished-at="2022-11-02T00:40:20 PDT" duration-ms="11968">
      <class name="logExample.NOPComLogin">
        <test-method is-config="true" signature="launchApp()[pri:0, instance:logExample.NOPComLogin@82de64a]" started-at="2022-11-02T00:40:08 PDT" name="launchApp" finished-at="2022-11-02T00:40:11 PDT" duration-ms="3276" status="PASS">
          <reporter-output>
          </reporter-output>
        </test-method> <!-- launchApp -->
        <test-method signature="verifyLogin()[pri:1, instance:logExample.NOPComLogin@82de64a]" started-at="2022-11-02T00:40:11 PDT" name="verifyLogin" finished-at="2022-11-02T00:40:14 PDT" duration-ms="3270" status="PASS">
          <reporter-output>
          </reporter-output>
        </test-method> <!-- verifyLogin -->
        <test-method signature="verifyAppTitle()[pri:2, instance:logExample.NOPComLogin@82de64a]" started-at="2022-11-02T00:40:14 PDT" name="verifyAppTitle" finished-at="2022-11-02T00:40:14 PDT" duration-ms="72" status="PASS">
          <reporter-output>
          </reporter-output>
        </test-method> <!-- verifyAppTitle -->
        <test-method signature="verufyLogout()[pri:3, instance:logExample.NOPComLogin@82de64a]" started-at="2022-11-02T00:40:14 PDT" name="verufyLogout" finished-at="2022-11-02T00:40:16 PDT" duration-ms="1098" status="PASS">
          <reporter-output>
          </reporter-output>
        </test-method> <!-- verufyLogout -->
        <test-method is-config="true" signature="closeApp()[pri:0, instance:logExample.NOPComLogin@82de64a]" started-at="2022-11-02T00:40:16 PDT" name="closeApp" finished-at="2022-11-02T00:40:20 PDT" duration-ms="4182" status="PASS">
          <reporter-output>
          </reporter-output>
        </test-method> <!-- closeApp -->
      </class> <!-- logExample.NOPComLogin -->
    </test> <!-- Test -->
  </suite> <!-- Suite -->
</testng-results>
