<?xml version="1.0" encoding="UTF-8"?>
<testsuite xmlns:xsi="http://www.w3.org/2001/XMLSchema-instance" xsi:noNamespaceSchemaLocation="https://maven.apache.org/surefire/maven-surefire-plugin/xsd/surefire-test-report-3.0.xsd" version="3.0" name="TestSuite" time="12.939" tests="3" errors="0" skipped="0" failures="0">
  <properties>
[...]
</properties>
  <testcase name="verifyLogin" classname="logExample.NOPComLogin" time="3.251">
    <system-out><![CDATA[ INFO [main] (BaseTest.java:35)- launching chrome browser.
 INFO [main] (BaseTest.java:45)- launching Application: https://admin-demo.nopcommerce.com/login?ReturnUrl=%2Fadmin%2F
 INFO [main] (NOPComLogin.java:15)- clear text from username field.
 INFO [main] (NOPComLogin.java:19)- enter value into username: admin@yourstore.com
 INFO [main] (NOPComLogin.java:23)- clear text from password field.
 INFO [main] (NOPComLogin.java:27)- enter value into password: admin
 INFO [main] (NOPComLogin.java:31)- click on checkbox
 INFO [main] (NOPComLogin.java:35)- click on Login button.
]]></system-out>
    <system-err><![CDATA[SLF4J: Failed to load class "org.slf4j.impl.StaticLoggerBinder".
SLF4J: Defaulting to no-operation (NOP) logger implementation
SLF4J: See http://www.slf4j.org/codes.html#StaticLoggerBinder for further details.
Starting ChromeDriver 106.0.5249.61 (511755355844955cd3e264779baf0dd38212a4d0-refs/branch-heads/5249@{#569}) on port 34087
Only local connections are allowed.
Please see https://chromedriver.chromium.org/security-considerations for suggestions on keeping ChromeDriver safe.
ChromeDriver was started successfully.
Nov 02, 2022 12:40:10 AM org.openqa.selenium.remote.ProtocolHandshake createSession
INFO: Detected dialect: W3C
]]></system-err>
  </testcase>
  <testcase name="verifyAppTitle" classname="logExample.NOPComLogin" time="0.058">
    <system-out><![CDATA[ INFO [main] (NOPComLogin.java:45)- Validation of app title after login.
 INFO [main] (NOPComLogin.java:47)- App Title: Dashboard / nopCommerce administration
]]></system-out>
  </testcase>
  <testcase name="verufyLogout" classname="logExample.NOPComLogin" time="1.101">
    <system-out><![CDATA[ INFO [main] (NOPComLogin.java:57)- click on Logout button.
]]></system-out>
  </testcase>
</testsuite>